<?xml version="1.0" encoding="UTF-8"?>
<!-- Generated by org.testng.reporters.JUnitXMLReporter -->
<testsuite ignored="0" hostname="Deepika_hp" failures="0" tests="6" name="Test" time="60.736" errors="0" timestamp="2024-09-03T15:25:10 PDT">
  <testcase classname="testScenarios.HandlingDynData" name="dynDataMath" time="10.425"/>
  <testcase classname="testScenarios.SwitchingWin" name="switchWind" time="7.707"/>
  <testcase classname="testScenarios.SwitchAlerts" name="alerts" time="11.302"/>
  <testcase classname="testScenarios.Vindeep" name="vindeep" time="10.863"/>
  <testcase classname="testScenarios.MouseActions" name="dragAnddrop" time="8.93"/>
  <testcase classname="testScenarios.MultipleListBox" name="multiList" time="11.445"/>
</testsuite> <!-- Test -->
