<?xml version="1.0" encoding="UTF-8"?>
<!-- Generated by org.testng.reporters.JUnitXMLReporter -->
<testsuite ignored="0" hostname="Deepika_hp" failures="0" tests="6" name="Test" time="83.956" errors="0" timestamp="2024-09-03T16:23:43 PDT">
  <testcase classname="testScenarios.HandlingDynData" name="dynDataMath" time="3.955"/>
  <testcase classname="testScenarios.SwitchingWin" name="switchWind" time="31.683"/>
  <testcase classname="testScenarios.SwitchAlerts" name="alerts" time="14.076"/>
  <testcase classname="testScenarios.Vindeep" name="vindeep" time="11.393"/>
  <testcase classname="testScenarios.MouseActions" name="dragAnddrop" time="10.155"/>
  <testcase classname="testScenarios.MultipleListBox" name="multiList" time="12.648"/>
</testsuite> <!-- Test -->
