<?xml version="1.0" encoding="UTF-8"?>
<!-- Generated by org.testng.reporters.JUnitXMLReporter -->
<testsuite ignored="0" hostname="Deepika_hp" failures="0" tests="6" name="Test" time="62.001" errors="0" timestamp="2024-09-04T16:29:12 PDT">
  <testcase classname="testScenarios.HandlingDynData" name="dynDataMath" time="4.125"/>
  <testcase classname="testScenarios.SwitchingWin" name="switchWind" time="12.323"/>
  <testcase classname="testScenarios.SwitchAlerts" name="alerts" time="8.582"/>
  <testcase classname="testScenarios.Vindeep" name="vindeep" time="11.492"/>
  <testcase classname="testScenarios.MouseActions" name="dragAnddrop" time="13.883"/>
  <testcase classname="testScenarios.MultipleListBox" name="multiList" time="11.561"/>
</testsuite> <!-- Test -->
