<?xml version="1.0" encoding="UTF-8"?>
<testng-results ignored="0" total="6" passed="6" failed="0" skipped="0">
  <reporter-output>
    <line>
      <![CDATA[Passed]]>
    </line>
  </reporter-output>
  <suite started-at="2024-09-03T15:24:10 PDT" name="Suite" finished-at="2024-09-03T15:25:10 PDT" duration-ms="60736">
    <groups>
    </groups>
    <test started-at="2024-09-03T15:24:10 PDT" name="Test" finished-at="2024-09-03T15:25:10 PDT" duration-ms="60736">
      <class name="testScenarios.SwitchAlerts">
        <test-method signature="alerts()[pri:0, instance:testScenarios.SwitchAlerts@188715b5]" started-at="2024-09-03T15:24:28 PDT" name="alerts" finished-at="2024-09-03T15:24:39 PDT" duration-ms="11302" status="PASS">
          <reporter-output>
          </reporter-output>
        </test-method> <!-- alerts -->
      </class> <!-- testScenarios.SwitchAlerts -->
      <class name="testScenarios.HandlingDynData">
        <test-method signature="dynDataMath()[pri:0, instance:testScenarios.HandlingDynData@2c767a52]" started-at="2024-09-03T15:24:10 PDT" name="dynDataMath" finished-at="2024-09-03T15:24:20 PDT" duration-ms="10425" status="PASS">
          <reporter-output>
          </reporter-output>
        </test-method> <!-- dynDataMath -->
      </class> <!-- testScenarios.HandlingDynData -->
      <class name="testScenarios.Vindeep">
        <test-method signature="vindeep()[pri:0, instance:testScenarios.Vindeep@1ea9f6af]" started-at="2024-09-03T15:24:39 PDT" name="vindeep" finished-at="2024-09-03T15:24:50 PDT" duration-ms="10863" status="PASS">
          <reporter-output>
          </reporter-output>
        </test-method> <!-- vindeep -->
      </class> <!-- testScenarios.Vindeep -->
      <class name="testScenarios.MouseActions">
        <test-method signature="dragAnddrop()[pri:0, instance:testScenarios.MouseActions@6a192cfe]" started-at="2024-09-03T15:24:50 PDT" name="dragAnddrop" finished-at="2024-09-03T15:24:59 PDT" duration-ms="8930" status="PASS">
          <reporter-output>
          </reporter-output>
        </test-method> <!-- dragAnddrop -->
      </class> <!-- testScenarios.MouseActions -->
      <class name="testScenarios.SwitchingWin">
        <test-method signature="switchWind()[pri:0, instance:testScenarios.SwitchingWin@2f7298b]" started-at="2024-09-03T15:24:20 PDT" name="switchWind" finished-at="2024-09-03T15:24:28 PDT" duration-ms="7707" status="PASS">
          <reporter-output>
          </reporter-output>
        </test-method> <!-- switchWind -->
      </class> <!-- testScenarios.SwitchingWin -->
      <class name="testScenarios.MultipleListBox">
        <test-method signature="multiList()[pri:0, instance:testScenarios.MultipleListBox@5119fb47]" started-at="2024-09-03T15:24:59 PDT" name="multiList" finished-at="2024-09-03T15:25:10 PDT" duration-ms="11445" status="PASS">
          <reporter-output>
            <line>
              <![CDATA[Passed]]>
            </line>
          </reporter-output>
        </test-method> <!-- multiList -->
      </class> <!-- testScenarios.MultipleListBox -->
    </test> <!-- Test -->
  </suite> <!-- Suite -->
</testng-results>
